<?xml version="1.0" encoding="UTF-8"?>
<!-- Generated by org.testng.reporters.JUnitReportReporter -->
<testsuite hostname="LiviaPC" name="org.ql.audioeditor.common.util.TimeUtilsTest" tests="3" failures="0" timestamp="14 May 2018 22:24:08 GMT" time="0.008" errors="0">
  <testcase name="testFormatDuration" time="0.003" classname="org.ql.audioeditor.common.util.TimeUtilsTest"/>
  <testcase name="testFramesToSeconds" time="0.001" classname="org.ql.audioeditor.common.util.TimeUtilsTest"/>
  <testcase name="testSecondsToFrames" time="0.004" classname="org.ql.audioeditor.common.util.TimeUtilsTest"/>
</testsuite> <!-- org.ql.audioeditor.common.util.TimeUtilsTest -->
