<?xml version="1.0" encoding="UTF-8"?>
<!-- Generated by org.testng.reporters.JUnitReportReporter -->
<testsuite hostname="LiviaPC" name="org.ql.audioeditor.logic.dbaccess.DatabaseAccessModelTest" tests="21" failures="0" timestamp="14 May 2018 22:24:08 GMT" time="13.466" errors="0">
  <testcase name="testGetId" time="0.613" classname="org.ql.audioeditor.logic.dbaccess.DatabaseAccessModelTest"/>
  <testcase name="testHasInvalidFalse" time="0.603" classname="org.ql.audioeditor.logic.dbaccess.DatabaseAccessModelTest"/>
  <testcase name="testEditSong" time="0.724" classname="org.ql.audioeditor.logic.dbaccess.DatabaseAccessModelTest"/>
  <testcase name="testAddSongNoSongLoaded" time="0.652" classname="org.ql.audioeditor.logic.dbaccess.DatabaseAccessModelTest"/>
  <testcase name="testHasInvalidTrue" time="0.684" classname="org.ql.audioeditor.logic.dbaccess.DatabaseAccessModelTest"/>
  <testcase name="testAddSongsFail" time="0.611" classname="org.ql.audioeditor.logic.dbaccess.DatabaseAccessModelTest"/>
  <testcase name="testGetId2" time="0.602" classname="org.ql.audioeditor.logic.dbaccess.DatabaseAccessModelTest"/>
  <testcase name="testEditSongNoSuchSong" time="0.635" classname="org.ql.audioeditor.logic.dbaccess.DatabaseAccessModelTest"/>
  <testcase name="testGetSongListInvalid" time="0.608" classname="org.ql.audioeditor.logic.dbaccess.DatabaseAccessModelTest"/>
  <testcase name="testGetSongListValid" time="0.599" classname="org.ql.audioeditor.logic.dbaccess.DatabaseAccessModelTest"/>
  <testcase name="testAddSongAlreadyExists" time="0.639" classname="org.ql.audioeditor.logic.dbaccess.DatabaseAccessModelTest"/>
  <testcase name="testGetSongList1" time="0.607" classname="org.ql.audioeditor.logic.dbaccess.DatabaseAccessModelTest"/>
  <testcase name="testDeleteSongs" time="0.634" classname="org.ql.audioeditor.logic.dbaccess.DatabaseAccessModelTest"/>
  <testcase name="testAddSongs" time="0.606" classname="org.ql.audioeditor.logic.dbaccess.DatabaseAccessModelTest"/>
  <testcase name="testEditSongNoSongLoaded" time="0.888" classname="org.ql.audioeditor.logic.dbaccess.DatabaseAccessModelTest"/>
  <testcase name="testAddSong" time="0.619" classname="org.ql.audioeditor.logic.dbaccess.DatabaseAccessModelTest"/>
  <testcase name="testDeleteSong" time="0.626" classname="org.ql.audioeditor.logic.dbaccess.DatabaseAccessModelTest"/>
  <testcase name="testAddSongNotValid" time="0.621" classname="org.ql.audioeditor.logic.dbaccess.DatabaseAccessModelTest"/>
  <testcase name="testDeleteSongNoSuchSong" time="0.624" classname="org.ql.audioeditor.logic.dbaccess.DatabaseAccessModelTest"/>
  <testcase name="testDeleteSongNoSongLoaded" time="0.645" classname="org.ql.audioeditor.logic.dbaccess.DatabaseAccessModelTest"/>
  <testcase name="testIsSongValid" time="0.626" classname="org.ql.audioeditor.logic.dbaccess.DatabaseAccessModelTest"/>
</testsuite> <!-- org.ql.audioeditor.logic.dbaccess.DatabaseAccessModelTest -->
