<?xml version="1.0" encoding="UTF-8"?>
<!-- Generated by org.testng.reporters.JUnitReportReporter -->
<testsuite hostname="LiviaPC" name="org.ql.audioeditor.logic.dbaccess.DatabaseAccessModelTest" tests="21" failures="0" timestamp="15 May 2018 05:25:11 GMT" time="13.754" errors="0">
  <testcase name="testGetSongList1" time="0.609" classname="org.ql.audioeditor.logic.dbaccess.DatabaseAccessModelTest"/>
  <testcase name="testGetId2" time="0.603" classname="org.ql.audioeditor.logic.dbaccess.DatabaseAccessModelTest"/>
  <testcase name="testDeleteSong" time="0.607" classname="org.ql.audioeditor.logic.dbaccess.DatabaseAccessModelTest"/>
  <testcase name="testHasInvalidFalse" time="0.602" classname="org.ql.audioeditor.logic.dbaccess.DatabaseAccessModelTest"/>
  <testcase name="testDeleteSongs" time="0.664" classname="org.ql.audioeditor.logic.dbaccess.DatabaseAccessModelTest"/>
  <testcase name="testDeleteSongNoSuchSong" time="0.635" classname="org.ql.audioeditor.logic.dbaccess.DatabaseAccessModelTest"/>
  <testcase name="testGetSongListValid" time="0.604" classname="org.ql.audioeditor.logic.dbaccess.DatabaseAccessModelTest"/>
  <testcase name="testAddSongsFail" time="0.667" classname="org.ql.audioeditor.logic.dbaccess.DatabaseAccessModelTest"/>
  <testcase name="testDeleteSongNoSongLoaded" time="0.625" classname="org.ql.audioeditor.logic.dbaccess.DatabaseAccessModelTest"/>
  <testcase name="testAddSongNoSongLoaded" time="0.667" classname="org.ql.audioeditor.logic.dbaccess.DatabaseAccessModelTest"/>
  <testcase name="testAddSongAlreadyExists" time="0.690" classname="org.ql.audioeditor.logic.dbaccess.DatabaseAccessModelTest"/>
  <testcase name="testAddSongNotValid" time="0.653" classname="org.ql.audioeditor.logic.dbaccess.DatabaseAccessModelTest"/>
  <testcase name="testIsSongValid" time="0.611" classname="org.ql.audioeditor.logic.dbaccess.DatabaseAccessModelTest"/>
  <testcase name="testEditSongNoSongLoaded" time="1.113" classname="org.ql.audioeditor.logic.dbaccess.DatabaseAccessModelTest"/>
  <testcase name="testHasInvalidTrue" time="0.610" classname="org.ql.audioeditor.logic.dbaccess.DatabaseAccessModelTest"/>
  <testcase name="testEditSongNoSuchSong" time="0.627" classname="org.ql.audioeditor.logic.dbaccess.DatabaseAccessModelTest"/>
  <testcase name="testGetId" time="0.621" classname="org.ql.audioeditor.logic.dbaccess.DatabaseAccessModelTest"/>
  <testcase name="testAddSongs" time="0.614" classname="org.ql.audioeditor.logic.dbaccess.DatabaseAccessModelTest"/>
  <testcase name="testGetSongListInvalid" time="0.609" classname="org.ql.audioeditor.logic.dbaccess.DatabaseAccessModelTest"/>
  <testcase name="testEditSong" time="0.691" classname="org.ql.audioeditor.logic.dbaccess.DatabaseAccessModelTest"/>
  <testcase name="testAddSong" time="0.632" classname="org.ql.audioeditor.logic.dbaccess.DatabaseAccessModelTest"/>
</testsuite> <!-- org.ql.audioeditor.logic.dbaccess.DatabaseAccessModelTest -->
