<?xml version="1.0" encoding="UTF-8"?>
<!-- Generated by org.testng.reporters.JUnitReportReporter -->
<testsuite hostname="LiviaPC" name="org.ql.audioeditor.common.util.GeneralUtilsTest" tests="3" failures="0" timestamp="14 May 2018 22:24:08 GMT" time="0.130" errors="0">
  <testcase name="testGetDir" time="0.001" classname="org.ql.audioeditor.common.util.GeneralUtilsTest"/>
  <testcase name="testConvertToNumber" time="0.117" classname="org.ql.audioeditor.common.util.GeneralUtilsTest"/>
  <testcase name="testGetFileExtension" time="0.012" classname="org.ql.audioeditor.common.util.GeneralUtilsTest"/>
</testsuite> <!-- org.ql.audioeditor.common.util.GeneralUtilsTest -->
