<?xml version="1.0" encoding="UTF-8"?>
<!-- Generated by org.testng.reporters.JUnitReportReporter -->
<testsuite hostname="LiviaPC" name="org.ql.audioeditor.common.util.TimeUtilsTest" tests="3" failures="0" timestamp="13 May 2018 21:32:30 GMT" time="0.038" errors="0">
  <testcase name="testSecondsToFrames" time="0.032" classname="org.ql.audioeditor.common.util.TimeUtilsTest"/>
  <testcase name="testFramesToSeconds" time="0.004" classname="org.ql.audioeditor.common.util.TimeUtilsTest"/>
  <testcase name="testFormatDuration" time="0.002" classname="org.ql.audioeditor.common.util.TimeUtilsTest"/>
</testsuite> <!-- org.ql.audioeditor.common.util.TimeUtilsTest -->
