<?xml version="1.0" encoding="UTF-8"?>
<!-- Generated by org.testng.reporters.JUnitReportReporter -->
<testsuite hostname="LiviaPC" name="org.ql.audioeditor.common.util.TimeUtilsTest" tests="3" failures="0" timestamp="15 May 2018 05:25:11 GMT" time="0.007" errors="0">
  <testcase name="testFramesToSeconds" time="0.001" classname="org.ql.audioeditor.common.util.TimeUtilsTest"/>
  <testcase name="testFormatDuration" time="0.002" classname="org.ql.audioeditor.common.util.TimeUtilsTest"/>
  <testcase name="testSecondsToFrames" time="0.004" classname="org.ql.audioeditor.common.util.TimeUtilsTest"/>
</testsuite> <!-- org.ql.audioeditor.common.util.TimeUtilsTest -->
