<?xml version="1.0" encoding="UTF-8"?>
<!-- Generated by org.testng.reporters.JUnitReportReporter -->
<testsuite hostname="LiviaPC" name="org.ql.audioeditor.common.util.GeneralUtilsTest" tests="3" failures="0" timestamp="15 May 2018 05:25:11 GMT" time="0.275" errors="0">
  <testcase name="testGetFileExtension" time="0.023" classname="org.ql.audioeditor.common.util.GeneralUtilsTest"/>
  <testcase name="testGetDir" time="0.001" classname="org.ql.audioeditor.common.util.GeneralUtilsTest"/>
  <testcase name="testConvertToNumber" time="0.251" classname="org.ql.audioeditor.common.util.GeneralUtilsTest"/>
</testsuite> <!-- org.ql.audioeditor.common.util.GeneralUtilsTest -->
